2019-02-18T08:06:24.378-0500 I CONTROL  [initandlisten] MongoDB starting : pid=6445 port=27017 dbpath=/scratch/echowdh2/mongodb_storage/multi_humor 64-bit host=bhc0085
2019-02-18T08:06:24.378-0500 I CONTROL  [initandlisten] db version v3.4.10
2019-02-18T08:06:24.378-0500 I CONTROL  [initandlisten] git version: 078f28920cb24de0dd479b5ea6c66c644f6326e9
2019-02-18T08:06:24.378-0500 I CONTROL  [initandlisten] OpenSSL version: OpenSSL 1.0.1e-fips 11 Feb 2013
2019-02-18T08:06:24.378-0500 I CONTROL  [initandlisten] allocator: tcmalloc
2019-02-18T08:06:24.378-0500 I CONTROL  [initandlisten] modules: none
2019-02-18T08:06:24.378-0500 I CONTROL  [initandlisten] build environment:
2019-02-18T08:06:24.378-0500 I CONTROL  [initandlisten]     distmod: rhel70
2019-02-18T08:06:24.378-0500 I CONTROL  [initandlisten]     distarch: x86_64
2019-02-18T08:06:24.378-0500 I CONTROL  [initandlisten]     target_arch: x86_64
2019-02-18T08:06:24.378-0500 I CONTROL  [initandlisten] options: { net: { port: 27017 }, storage: { dbPath: "/scratch/echowdh2/mongodb_storage/multi_humor" } }
2019-02-18T08:06:24.429-0500 W -        [initandlisten] Detected unclean shutdown - /scratch/echowdh2/mongodb_storage/multi_humor/mongod.lock is not empty.
2019-02-18T08:06:24.454-0500 I -        [initandlisten] Detected data files in /scratch/echowdh2/mongodb_storage/multi_humor created by the 'wiredTiger' storage engine, so setting the active storage engine to 'wiredTiger'.
2019-02-18T08:06:24.454-0500 W STORAGE  [initandlisten] Recovering data from the last clean checkpoint.
2019-02-18T08:06:24.455-0500 I STORAGE  [initandlisten] wiredtiger_open config: create,cache_size=63857M,session_max=20000,eviction=(threads_min=4,threads_max=4),config_base=false,statistics=(fast),log=(enabled=true,archive=true,path=journal,compressor=snappy),file_manager=(close_idle_time=100000),checkpoint=(wait=60,log_size=2GB),statistics_log=(wait=0),
2019-02-18T08:06:25.243-0500 I CONTROL  [initandlisten] 
2019-02-18T08:06:25.243-0500 I CONTROL  [initandlisten] ** WARNING: Access control is not enabled for the database.
2019-02-18T08:06:25.243-0500 I CONTROL  [initandlisten] **          Read and write access to data and configuration is unrestricted.
2019-02-18T08:06:25.243-0500 I CONTROL  [initandlisten] 
2019-02-18T08:06:25.243-0500 I CONTROL  [initandlisten] 
2019-02-18T08:06:25.243-0500 I CONTROL  [initandlisten] ** WARNING: You are running on a NUMA machine.
2019-02-18T08:06:25.243-0500 I CONTROL  [initandlisten] **          We suggest launching mongod like this to avoid performance problems:
2019-02-18T08:06:25.243-0500 I CONTROL  [initandlisten] **              numactl --interleave=all mongod [other options]
2019-02-18T08:06:25.243-0500 I CONTROL  [initandlisten] 
2019-02-18T08:06:25.243-0500 I CONTROL  [initandlisten] ** WARNING: /sys/kernel/mm/transparent_hugepage/enabled is 'always'.
2019-02-18T08:06:25.243-0500 I CONTROL  [initandlisten] **        We suggest setting it to 'never'
2019-02-18T08:06:25.243-0500 I CONTROL  [initandlisten] 
2019-02-18T08:06:25.243-0500 I CONTROL  [initandlisten] ** WARNING: /sys/kernel/mm/transparent_hugepage/defrag is 'always'.
2019-02-18T08:06:25.243-0500 I CONTROL  [initandlisten] **        We suggest setting it to 'never'
2019-02-18T08:06:25.243-0500 I CONTROL  [initandlisten] 
2019-02-18T08:06:25.435-0500 I FTDC     [initandlisten] Initializing full-time diagnostic data capture with directory '/scratch/echowdh2/mongodb_storage/multi_humor/diagnostic.data'
2019-02-18T08:06:25.435-0500 I NETWORK  [thread1] waiting for connections on port 27017
2019-02-18T08:06:26.045-0500 I FTDC     [ftdc] Unclean full-time diagnostic data capture shutdown detected, found interim file, some metrics may have been lost. OK
